<?xml version="1.0" encoding="UTF-8"?>
<!-- Generated by org.testng.reporters.JUnitXMLReporter -->
<testsuite ignored="0" hostname="Kesavan" failures="1" tests="4" name="Assertions" time="0.042" errors="0" timestamp="2021-12-09T01:35:50 IST">
  <testcase classname="tng.Assertionstng" name="AssertionsEqualsFails" time="0.021">
    <failure type="org.junit.ComparisonFailure" message="expected:&amp;lt;IamKesav[1]&amp;gt; but was:&amp;lt;IamKesav[]&amp;gt;">
      <![CDATA[org.junit.ComparisonFailure: expected:<IamKesav[1]> but was:<IamKesav[]>
at org.junit.Assert.assertEquals(Assert.java:117)
at org.junit.Assert.assertEquals(Assert.java:146)
at tng.Assertionstng.AssertionsEqualsFails(Assertionstng.java:12)
at java.base/java.util.ArrayList.forEach(ArrayList.java:1511)
... Removed 27 stack frames]]>
    </failure>
  </testcase> <!-- AssertionsEqualsFails -->
  <testcase classname="tng.Assertionstng" name="AssertionsEqualsPass" time="0.0"/>
  <testcase classname="tng.Assertionstng" name="AssertionsNotEqual" time="0.003"/>
  <testcase classname="tng.Assertionstng" name="AssertionsTrue" time="0.001"/>
</testsuite> <!-- Assertions -->
