<?xml version="1.0" encoding="UTF-8"?>
<!-- Generated by org.testng.reporters.JUnitXMLReporter -->
<testsuite ignored="3" hostname="Kesavan" failures="0" tests="1" name="Group C" time="0.005" errors="0" timestamp="2021-12-09T01:35:50 IST">
  <testcase classname="tng.Groupingtng" name="testcase4" time="0.001"/>
  <testcase classname="tng.Groupingtng" name="testcase1" time="0.0">
    <ignored/>
  </testcase> <!-- testcase1 -->
  <testcase classname="tng.Groupingtng" name="testcase3" time="0.0">
    <ignored/>
  </testcase> <!-- testcase3 -->
  <testcase classname="tng.Groupingtng" name="testcase2" time="0.0">
    <ignored/>
  </testcase> <!-- testcase2 -->
</testsuite> <!-- Group C -->
